Starting new HTTPS connection (1): na2.salesforce.com
Starting new HTTPS connection (1): na2.salesforce.com
Starting new HTTPS connection (1): na2.salesforce.com
Starting new HTTPS connection (1): na2.salesforce.com
Starting new HTTPS connection (1): na2.salesforce.com
Starting new HTTPS connection (1): na2.salesforce.com
Starting new HTTPS connection (1): na2.salesforce.com
Starting new HTTPS connection (1): na7.salesforce.com
Starting new HTTPS connection (1): na2.salesforce.com
Starting new HTTPS connection (1): na7.salesforce.com
Starting new HTTPS connection (1): na7.salesforce.com
Starting new HTTPS connection (1): na2.salesforce.com
Starting new HTTPS connection (1): na2.salesforce.com
Starting new HTTPS connection (1): na2.salesforce.com
Starting new HTTPS connection (1): na2.salesforce.com
Starting new HTTPS connection (1): na2.salesforce.com
Starting new HTTPS connection (1): na2.salesforce.com
Starting new HTTPS connection (1): na2.salesforce.com
Starting new HTTPS connection (1): na2.salesforce.com
Starting new HTTPS connection (1): na2.salesforce.com
Starting new HTTPS connection (1): na2.salesforce.com
Starting new HTTPS connection (1): na2.salesforce.com
Starting new HTTPS connection (1): na2.salesforce.com
Starting new HTTPS connection (1): na2.salesforce.com
Starting new HTTPS connection (1): na2.salesforce.com
Starting new HTTPS connection (1): na2.salesforce.com
Starting new HTTPS connection (1): na7.salesforce.com
Starting new HTTPS connection (1): na2.salesforce.com
Starting new HTTPS connection (1): na2.salesforce.com
Starting new HTTPS connection (1): na2.salesforce.com
Starting new HTTPS connection (1): na2.salesforce.com
Starting new HTTPS connection (1): na2.salesforce.com
Starting new HTTPS connection (1): na2.salesforce.com
Starting new HTTPS connection (1): na2.salesforce.com
Starting new HTTPS connection (1): na2.salesforce.com
Starting new HTTPS connection (1): na2.salesforce.com
Starting new HTTPS connection (1): na2.salesforce.com
Starting new HTTPS connection (1): na2.salesforce.com
Starting new HTTPS connection (1): na2.salesforce.com
Starting new HTTPS connection (1): na2.salesforce.com
Starting new HTTPS connection (1): na2.salesforce.com
Starting new HTTPS connection (1): na2.salesforce.com
Starting new HTTPS connection (1): na2.salesforce.com
Starting new HTTPS connection (1): na2.salesforce.com
Starting new HTTPS connection (1): na2.salesforce.com
Starting new HTTPS connection (1): na2.salesforce.com
Starting new HTTPS connection (1): na2.salesforce.com
Starting new HTTPS connection (1): na2.salesforce.com
Starting new HTTPS connection (1): na2.salesforce.com
Starting new HTTPS connection (1): na2.salesforce.com
Starting new HTTPS connection (1): na2.salesforce.com
Starting new HTTPS connection (1): na2.salesforce.com
Starting new HTTPS connection (1): na2.salesforce.com
Starting new HTTPS connection (1): na2.salesforce.com
Starting new HTTPS connection (1): na2.salesforce.com
Starting new HTTPS connection (1): na2.salesforce.com
Starting new HTTPS connection (1): na2.salesforce.com
Starting new HTTPS connection (1): na2.salesforce.com
Starting new HTTPS connection (1): na2.salesforce.com
Starting new HTTPS connection (1): na2.salesforce.com
Starting new HTTPS connection (1): na2.salesforce.com
Starting new HTTPS connection (1): na2.salesforce.com
Starting new HTTPS connection (1): na2.salesforce.com
Starting new HTTPS connection (1): na2.salesforce.com
Starting new HTTPS connection (1): na2.salesforce.com
Starting new HTTPS connection (1): na2.salesforce.com
Starting new HTTPS connection (1): na2.salesforce.com
Starting new HTTPS connection (1): na2.salesforce.com
Starting new HTTPS connection (1): na2.salesforce.com
Starting new HTTPS connection (1): na2.salesforce.com
Starting new HTTPS connection (1): na2.salesforce.com
Starting new HTTPS connection (1): na2.salesforce.com
Starting new HTTPS connection (1): na2.salesforce.com
Starting new HTTPS connection (1): na2.salesforce.com
Starting new HTTPS connection (1): na2.salesforce.com
Starting new HTTPS connection (1): na2.salesforce.com
Starting new HTTPS connection (1): na2.salesforce.com
Starting new HTTPS connection (1): na2.salesforce.com
Starting new HTTPS connection (1): na2.salesforce.com
Starting new HTTPS connection (1): na2.salesforce.com
Starting new HTTPS connection (1): na2.salesforce.com
Starting new HTTPS connection (1): na2.salesforce.com
Starting new HTTPS connection (1): na2.salesforce.com
Starting new HTTPS connection (1): na2.salesforce.com
Starting new HTTPS connection (1): na2.salesforce.com
Starting new HTTPS connection (1): na2.salesforce.com
Starting new HTTPS connection (1): na2.salesforce.com
Starting new HTTPS connection (1): na2.salesforce.com
Starting new HTTPS connection (1): na2.salesforce.com
Starting new HTTPS connection (1): na2.salesforce.com
Starting new HTTPS connection (1): na2.salesforce.com
Starting new HTTPS connection (1): na2.salesforce.com
Starting new HTTPS connection (1): na2.salesforce.com
Starting new HTTPS connection (1): na2.salesforce.com
Starting new HTTPS connection (1): na2.salesforce.com
Starting new HTTPS connection (1): na2.salesforce.com
Starting new HTTPS connection (1): na2.salesforce.com
Starting new HTTPS connection (1): na2.salesforce.com
Starting new HTTPS connection (1): na2.salesforce.com
Starting new HTTPS connection (1): na2.salesforce.com
Starting new HTTPS connection (1): na2.salesforce.com
Starting new HTTPS connection (1): na2.salesforce.com
Starting new HTTPS connection (1): na2.salesforce.com
Starting new HTTPS connection (1): na2.salesforce.com
Starting new HTTPS connection (1): na2.salesforce.com
Starting new HTTPS connection (1): na2.salesforce.com
Starting new HTTPS connection (1): na2.salesforce.com
Starting new HTTPS connection (1): na2.salesforce.com
Starting new HTTPS connection (1): na2.salesforce.com
Starting new HTTPS connection (1): na2.salesforce.com
Starting new HTTPS connection (1): na2.salesforce.com
Starting new HTTPS connection (1): na2.salesforce.com
Starting new HTTPS connection (1): na2.salesforce.com
Starting new HTTPS connection (1): na2.salesforce.com
Starting new HTTPS connection (1): na2.salesforce.com
Starting new HTTPS connection (1): na2.salesforce.com
Starting new HTTPS connection (1): na2.salesforce.com
Starting new HTTPS connection (1): na2.salesforce.com
Starting new HTTPS connection (1): na2.salesforce.com
Starting new HTTPS connection (1): na2.salesforce.com
Starting new HTTPS connection (1): na2.salesforce.com
Starting new HTTPS connection (1): na2.salesforce.com
Starting new HTTPS connection (1): na2.salesforce.com
Starting new HTTPS connection (1): na2.salesforce.com
Starting new HTTPS connection (1): na2.salesforce.com
Starting new HTTPS connection (1): na2.salesforce.com
Starting new HTTPS connection (1): na2.salesforce.com
Starting new HTTPS connection (1): na2.salesforce.com
Starting new HTTPS connection (1): na2.salesforce.com
Starting new HTTPS connection (1): na2.salesforce.com
Starting new HTTPS connection (1): na2.salesforce.com
Starting new HTTPS connection (1): na2.salesforce.com
Starting new HTTPS connection (1): na2.salesforce.com
<?xml version="1.0" encoding="UTF-8"?>
<SOAP-ENV:Envelope xmlns:ns0="urn:partner.soap.sforce.com" xmlns:ns1="http://schemas.xmlsoap.org/soap/envelope/" xmlns:xsi="http://www.w3.org/2001/XMLSchema-instance" xmlns:tns="urn:partner.soap.sforce.com" xmlns:SOAP-ENV="http://schemas.xmlsoap.org/soap/envelope/">
   <SOAP-ENV:Header>
      <tns:SessionHeader>
         <tns:sessionId>00D40000000IWCP!ARsAQP06drikWDrCeb7CUnYEFC1dzC6aIhQzixxQWAW4vHf8NYZkg77f2oSHb3TSPYjT4LtnyZ2f.vHgRx67_hNc9AO14WQn</tns:sessionId>
      </tns:SessionHeader>
   </SOAP-ENV:Header>
   <ns1:Body>
      <ns0:getUserInfo/>
   </ns1:Body>
</SOAP-ENV:Envelope>
Starting new HTTPS connection (1): na2.salesforce.com
Starting new HTTPS connection (1): na2.salesforce.com
Starting new HTTPS connection (1): na2.salesforce.com
Starting new HTTPS connection (1): na2.salesforce.com
<?xml version="1.0" encoding="UTF-8"?>
<SOAP-ENV:Envelope xmlns:ns0="urn:partner.soap.sforce.com" xmlns:ns1="http://schemas.xmlsoap.org/soap/envelope/" xmlns:xsi="http://www.w3.org/2001/XMLSchema-instance" xmlns:tns="urn:partner.soap.sforce.com" xmlns:SOAP-ENV="http://schemas.xmlsoap.org/soap/envelope/">
   <SOAP-ENV:Header>
      <tns:SessionHeader>
         <tns:sessionId>00D40000000IWCP!ARsAQGxD2Y8SaGt7AQ_.KRZis9cVXncLVmvnPM2iRx_Lf8g6SINABUb5F2GYawdA0B2gKv2VAoqzVG5UaQfekFN2QuAiM.Bs</tns:sessionId>
      </tns:SessionHeader>
   </SOAP-ENV:Header>
   <ns1:Body>
      <ns0:getUserInfo/>
   </ns1:Body>
</SOAP-ENV:Envelope>
Starting new HTTPS connection (1): na2.salesforce.com
Starting new HTTPS connection (1): na2.salesforce.com
Starting new HTTPS connection (1): na2.salesforce.com
Starting new HTTPS connection (1): na2.salesforce.com
Starting new HTTPS connection (1): na2.salesforce.com
Starting new HTTPS connection (1): na2.salesforce.com
Starting new HTTPS connection (1): na2.salesforce.com
<?xml version="1.0" encoding="UTF-8"?>
<SOAP-ENV:Envelope xmlns:ns0="urn:partner.soap.sforce.com" xmlns:ns1="http://schemas.xmlsoap.org/soap/envelope/" xmlns:xsi="http://www.w3.org/2001/XMLSchema-instance" xmlns:tns="urn:partner.soap.sforce.com" xmlns:SOAP-ENV="http://schemas.xmlsoap.org/soap/envelope/">
   <SOAP-ENV:Header>
      <tns:SessionHeader>
         <tns:sessionId>00DA0000000H5k6!AQQAQN.ndwFPTXr7aWG0ORpAsPTYsvAtHGeA7eNjNDJ0PpIjTQENk_fFUB8UToRmDGjaMGvRKYx8CEIcwJTELsCRTF_6ZkCj</tns:sessionId>
      </tns:SessionHeader>
   </SOAP-ENV:Header>
   <ns1:Body>
      <ns0:getUserInfo/>
   </ns1:Body>
</SOAP-ENV:Envelope>
Starting new HTTPS connection (1): na7.salesforce.com
Starting new HTTPS connection (1): na2.salesforce.com
Starting new HTTPS connection (1): na2.salesforce.com
Starting new HTTPS connection (1): na2.salesforce.com
Starting new HTTPS connection (1): na2.salesforce.com
Starting new HTTPS connection (1): na2.salesforce.com
Starting new HTTPS connection (1): na2.salesforce.com
Starting new HTTPS connection (1): na2.salesforce.com
Starting new HTTPS connection (1): na2.salesforce.com
Starting new HTTPS connection (1): na2.salesforce.com
Starting new HTTPS connection (1): na2.salesforce.com
Starting new HTTPS connection (1): na2.salesforce.com
Starting new HTTPS connection (1): na2.salesforce.com
Starting new HTTPS connection (1): na2.salesforce.com
Starting new HTTPS connection (1): na2.salesforce.com
Starting new HTTPS connection (1): na2.salesforce.com
Starting new HTTPS connection (1): na2.salesforce.com
Starting new HTTPS connection (1): na2.salesforce.com
Starting new HTTPS connection (1): na2.salesforce.com
Starting new HTTPS connection (1): na2.salesforce.com
Starting new HTTPS connection (1): na2.salesforce.com
Starting new HTTPS connection (1): na2.salesforce.com
Starting new HTTPS connection (1): na2.salesforce.com
Starting new HTTPS connection (1): na2.salesforce.com
Starting new HTTPS connection (1): na2.salesforce.com
Starting new HTTPS connection (1): na2.salesforce.com
Starting new HTTPS connection (1): na2.salesforce.com
Starting new HTTPS connection (1): na2.salesforce.com
Starting new HTTPS connection (1): na2.salesforce.com
Starting new HTTPS connection (1): na2.salesforce.com
Starting new HTTPS connection (1): na2.salesforce.com
Starting new HTTPS connection (1): na2.salesforce.com
Starting new HTTPS connection (1): na2.salesforce.com
Starting new HTTPS connection (1): na2.salesforce.com
Starting new HTTPS connection (1): na2.salesforce.com
Starting new HTTPS connection (1): na2.salesforce.com
Starting new HTTPS connection (1): na2.salesforce.com
Starting new HTTPS connection (1): na2.salesforce.com
Starting new HTTPS connection (1): na2.salesforce.com
Starting new HTTPS connection (1): na2.salesforce.com
Starting new HTTPS connection (1): na2.salesforce.com
Starting new HTTPS connection (1): na2.salesforce.com
Starting new HTTPS connection (1): na2.salesforce.com
Starting new HTTPS connection (1): na2.salesforce.com
Starting new HTTPS connection (1): na2.salesforce.com
Starting new HTTPS connection (1): na2.salesforce.com
Starting new HTTPS connection (1): na2.salesforce.com
Starting new HTTPS connection (1): na2.salesforce.com
Starting new HTTPS connection (1): na2.salesforce.com
Starting new HTTPS connection (1): na2.salesforce.com
Starting new HTTPS connection (1): na2.salesforce.com
Starting new HTTPS connection (1): na2.salesforce.com
Starting new HTTPS connection (1): na2.salesforce.com
Starting new HTTPS connection (1): na2.salesforce.com
Starting new HTTPS connection (1): na2.salesforce.com
Starting new HTTPS connection (1): na2.salesforce.com
Starting new HTTPS connection (1): na2.salesforce.com
Starting new HTTPS connection (1): na2.salesforce.com
Starting new HTTPS connection (1): na2.salesforce.com
Starting new HTTPS connection (1): na2.salesforce.com
Starting new HTTPS connection (1): na2.salesforce.com
Starting new HTTPS connection (1): na2.salesforce.com
Starting new HTTPS connection (1): na2.salesforce.com
Starting new HTTPS connection (1): na2.salesforce.com
Starting new HTTPS connection (1): na2.salesforce.com
Starting new HTTPS connection (1): na2.salesforce.com
Starting new HTTPS connection (1): na2.salesforce.com
Starting new HTTPS connection (1): na2.salesforce.com
Starting new HTTPS connection (1): na2.salesforce.com
Starting new HTTPS connection (1): na2.salesforce.com
Starting new HTTPS connection (1): na2.salesforce.com
Starting new HTTPS connection (1): na2.salesforce.com
Starting new HTTPS connection (1): na2.salesforce.com
Starting new HTTPS connection (1): na2.salesforce.com
Starting new HTTPS connection (1): na2.salesforce.com
Starting new HTTPS connection (1): na2.salesforce.com
Starting new HTTPS connection (1): na2.salesforce.com
Starting new HTTPS connection (1): na2.salesforce.com
Starting new HTTPS connection (1): na2.salesforce.com
Starting new HTTPS connection (1): na2.salesforce.com
Starting new HTTPS connection (1): na2.salesforce.com
Starting new HTTPS connection (1): na2.salesforce.com
Starting new HTTPS connection (1): na2.salesforce.com
Starting new HTTPS connection (1): na2.salesforce.com
Starting new HTTPS connection (1): na2.salesforce.com
Starting new HTTPS connection (1): na2.salesforce.com
Starting new HTTPS connection (1): na2.salesforce.com
Starting new HTTPS connection (1): na2.salesforce.com
Starting new HTTPS connection (1): na2.salesforce.com
Starting new HTTPS connection (1): na2.salesforce.com
Starting new HTTPS connection (1): na2.salesforce.com
Starting new HTTPS connection (1): na2.salesforce.com
Starting new HTTPS connection (1): na2.salesforce.com
Starting new HTTPS connection (1): na2.salesforce.com
Starting new HTTPS connection (1): na2.salesforce.com
Starting new HTTPS connection (1): na2.salesforce.com
Starting new HTTPS connection (1): na2.salesforce.com
Starting new HTTPS connection (1): na2.salesforce.com
Starting new HTTPS connection (1): na2.salesforce.com
Starting new HTTPS connection (1): na2.salesforce.com
Starting new HTTPS connection (1): na2.salesforce.com
Starting new HTTPS connection (1): na2.salesforce.com
Starting new HTTPS connection (1): na2.salesforce.com
Starting new HTTPS connection (1): na2.salesforce.com
<?xml version="1.0" encoding="UTF-8"?>
<SOAP-ENV:Envelope xmlns:ns0="urn:partner.soap.sforce.com" xmlns:ns1="http://schemas.xmlsoap.org/soap/envelope/" xmlns:xsi="http://www.w3.org/2001/XMLSchema-instance" xmlns:tns="urn:partner.soap.sforce.com" xmlns:SOAP-ENV="http://schemas.xmlsoap.org/soap/envelope/">
   <SOAP-ENV:Header>
      <tns:SessionHeader>
         <tns:sessionId>00DA0000000H5k6!AQQAQENwwVhjHhdozH..0MIsglQLEQD38_1JDFSuVJXw_YQc7clbE8hTcn.JTKzwQpkhUnaCjjaxuoeS0ZNggRh.3_Icj5Jb</tns:sessionId>
      </tns:SessionHeader>
   </SOAP-ENV:Header>
   <ns1:Body>
      <ns0:getUserInfo/>
   </ns1:Body>
</SOAP-ENV:Envelope>
Starting new HTTPS connection (1): na7.salesforce.com
Starting new HTTPS connection (1): na7.salesforce.com
Starting new HTTPS connection (1): na2.salesforce.com
Starting new HTTPS connection (1): na2.salesforce.com
Starting new HTTPS connection (1): na2.salesforce.com
Starting new HTTPS connection (1): na2.salesforce.com
Starting new HTTPS connection (1): na2.salesforce.com
Starting new HTTPS connection (1): na2.salesforce.com
Starting new HTTPS connection (1): na2.salesforce.com
Starting new HTTPS connection (1): na2.salesforce.com
Starting new HTTPS connection (1): na2.salesforce.com
Starting new HTTPS connection (1): na2.salesforce.com
Starting new HTTPS connection (1): na2.salesforce.com
Starting new HTTPS connection (1): na2.salesforce.com
Starting new HTTPS connection (1): na2.salesforce.com
Starting new HTTPS connection (1): na2.salesforce.com
Starting new HTTPS connection (1): na2.salesforce.com
Starting new HTTPS connection (1): na2.salesforce.com
Starting new HTTPS connection (1): na2.salesforce.com
Starting new HTTPS connection (1): na2.salesforce.com
Starting new HTTPS connection (1): na2.salesforce.com
Starting new HTTPS connection (1): na2.salesforce.com
Starting new HTTPS connection (1): na2.salesforce.com
Starting new HTTPS connection (1): na2.salesforce.com
Starting new HTTPS connection (1): na2.salesforce.com
Starting new HTTPS connection (1): na2.salesforce.com
Starting new HTTPS connection (1): na2.salesforce.com
Starting new HTTPS connection (1): na2.salesforce.com
Starting new HTTPS connection (1): na2.salesforce.com
Starting new HTTPS connection (1): na2.salesforce.com
Starting new HTTPS connection (1): na2.salesforce.com
Starting new HTTPS connection (1): na2.salesforce.com
Starting new HTTPS connection (1): na2.salesforce.com
Starting new HTTPS connection (1): na2.salesforce.com
Starting new HTTPS connection (1): na2.salesforce.com
Starting new HTTPS connection (1): na2.salesforce.com
Starting new HTTPS connection (1): na2.salesforce.com
Starting new HTTPS connection (1): na2.salesforce.com
Starting new HTTPS connection (1): na2.salesforce.com
Starting new HTTPS connection (1): na2.salesforce.com
Starting new HTTPS connection (1): na2.salesforce.com
Starting new HTTPS connection (1): na2.salesforce.com
Starting new HTTPS connection (1): na2.salesforce.com
Starting new HTTPS connection (1): na2.salesforce.com
Starting new HTTPS connection (1): na2.salesforce.com
Starting new HTTPS connection (1): na2.salesforce.com
Starting new HTTPS connection (1): na2.salesforce.com
Starting new HTTPS connection (1): na2.salesforce.com
Starting new HTTPS connection (1): na2.salesforce.com
Starting new HTTPS connection (1): na2.salesforce.com
Starting new HTTPS connection (1): na2.salesforce.com
<?xml version="1.0" encoding="UTF-8"?>
<SOAP-ENV:Envelope xmlns:ns0="urn:partner.soap.sforce.com" xmlns:ns1="http://schemas.xmlsoap.org/soap/envelope/" xmlns:xsi="http://www.w3.org/2001/XMLSchema-instance" xmlns:tns="urn:partner.soap.sforce.com" xmlns:SOAP-ENV="http://schemas.xmlsoap.org/soap/envelope/">
   <SOAP-ENV:Header>
      <tns:SessionHeader>
         <tns:sessionId>00D40000000IWCP!ARsAQFpwBOPo2Cc_bWrRMEJKZN74CLZ41CHBM3sm71Nu4skwqv1r3b6TURm_C9dJY4P.nzj26I7FNqDOw3adnMEULextE_N8</tns:sessionId>
      </tns:SessionHeader>
   </SOAP-ENV:Header>
   <ns1:Body>
      <ns0:getUserInfo/>
   </ns1:Body>
</SOAP-ENV:Envelope>
Starting new HTTPS connection (1): na2.salesforce.com
Starting new HTTPS connection (1): na2.salesforce.com
Starting new HTTPS connection (1): na2.salesforce.com
Starting new HTTPS connection (1): na2.salesforce.com
Starting new HTTPS connection (1): na2.salesforce.com
Starting new HTTPS connection (1): na2.salesforce.com
Starting new HTTPS connection (1): na2.salesforce.com
Starting new HTTPS connection (1): na2.salesforce.com
Starting new HTTPS connection (1): na2.salesforce.com
Starting new HTTPS connection (1): na2.salesforce.com
Starting new HTTPS connection (1): na2.salesforce.com
Starting new HTTPS connection (1): na2.salesforce.com
Starting new HTTPS connection (1): na2.salesforce.com
Starting new HTTPS connection (1): na2.salesforce.com
Starting new HTTPS connection (1): na2.salesforce.com
Starting new HTTPS connection (1): na2.salesforce.com
Starting new HTTPS connection (1): na2.salesforce.com
Starting new HTTPS connection (1): na2.salesforce.com
Starting new HTTPS connection (1): na2.salesforce.com
Starting new HTTPS connection (1): na2.salesforce.com
Starting new HTTPS connection (1): na2.salesforce.com
Starting new HTTPS connection (1): na2.salesforce.com
Starting new HTTPS connection (1): na2.salesforce.com
Starting new HTTPS connection (1): na2.salesforce.com
Starting new HTTPS connection (1): na2.salesforce.com
Starting new HTTPS connection (1): na2.salesforce.com
Starting new HTTPS connection (1): na2.salesforce.com
Starting new HTTPS connection (1): na2.salesforce.com
<?xml version="1.0" encoding="UTF-8"?>
<SOAP-ENV:Envelope xmlns:ns0="urn:partner.soap.sforce.com" xmlns:ns1="http://schemas.xmlsoap.org/soap/envelope/" xmlns:xsi="http://www.w3.org/2001/XMLSchema-instance" xmlns:tns="urn:partner.soap.sforce.com" xmlns:SOAP-ENV="http://schemas.xmlsoap.org/soap/envelope/">
   <SOAP-ENV:Header>
      <tns:SessionHeader>
         <tns:sessionId>00D40000000IWCP!ARsAQPYO6cM2wL505daI6xZnecWRNRLMwry2mdLLDUCb7REiYxSH6ogcOC731C7vc2idDpiwIIEEwobQ8dFpu6_53JXnu4bk</tns:sessionId>
      </tns:SessionHeader>
   </SOAP-ENV:Header>
   <ns1:Body>
      <ns0:getUserInfo/>
   </ns1:Body>
</SOAP-ENV:Envelope>
Starting new HTTPS connection (1): na2.salesforce.com
Starting new HTTPS connection (1): na2.salesforce.com
Starting new HTTPS connection (1): na2.salesforce.com
Starting new HTTPS connection (1): na2.salesforce.com
Starting new HTTPS connection (1): na2.salesforce.com
Starting new HTTPS connection (1): na2.salesforce.com
Starting new HTTPS connection (1): na2.salesforce.com
Starting new HTTPS connection (1): na2.salesforce.com
Starting new HTTPS connection (1): na2.salesforce.com
Starting new HTTPS connection (1): na2.salesforce.com
Starting new HTTPS connection (1): na2.salesforce.com
Starting new HTTPS connection (1): na2.salesforce.com
Starting new HTTPS connection (1): na2.salesforce.com
Starting new HTTPS connection (1): na2.salesforce.com
Starting new HTTPS connection (1): na2.salesforce.com
Starting new HTTPS connection (1): na2.salesforce.com
Starting new HTTPS connection (1): na2.salesforce.com
Starting new HTTPS connection (1): na2.salesforce.com
Starting new HTTPS connection (1): na2.salesforce.com
Starting new HTTPS connection (1): na2.salesforce.com
Starting new HTTPS connection (1): na2.salesforce.com
Starting new HTTPS connection (1): na2.salesforce.com
Starting new HTTPS connection (1): na2.salesforce.com
Starting new HTTPS connection (1): na2.salesforce.com
Starting new HTTPS connection (1): na2.salesforce.com
Starting new HTTPS connection (1): na2.salesforce.com
Starting new HTTPS connection (1): na2.salesforce.com
Starting new HTTPS connection (1): na2.salesforce.com
Starting new HTTPS connection (1): na2.salesforce.com
Starting new HTTPS connection (1): na2.salesforce.com
Starting new HTTPS connection (1): na2.salesforce.com
Starting new HTTPS connection (1): na2.salesforce.com
Starting new HTTPS connection (1): na2.salesforce.com
Starting new HTTPS connection (1): na2.salesforce.com
Starting new HTTPS connection (1): na2.salesforce.com
Starting new HTTPS connection (1): na2.salesforce.com
Starting new HTTPS connection (1): na2.salesforce.com
Starting new HTTPS connection (1): na2.salesforce.com
Starting new HTTPS connection (1): na2.salesforce.com
Starting new HTTPS connection (1): na2.salesforce.com
Starting new HTTPS connection (1): na2.salesforce.com
Starting new HTTPS connection (1): na2.salesforce.com
Starting new HTTPS connection (1): na2.salesforce.com
Starting new HTTPS connection (1): na2.salesforce.com
Starting new HTTPS connection (1): na2.salesforce.com
Starting new HTTPS connection (1): na2.salesforce.com
Starting new HTTPS connection (1): na2.salesforce.com
Starting new HTTPS connection (1): na2.salesforce.com
Starting new HTTPS connection (1): na2.salesforce.com
Starting new HTTPS connection (1): na2.salesforce.com
Starting new HTTPS connection (1): na2.salesforce.com
Starting new HTTPS connection (1): na2.salesforce.com
Starting new HTTPS connection (1): na2.salesforce.com
Starting new HTTPS connection (1): na2.salesforce.com
Starting new HTTPS connection (1): na2.salesforce.com
Starting new HTTPS connection (1): na2.salesforce.com
Starting new HTTPS connection (1): na2.salesforce.com
Starting new HTTPS connection (1): na2.salesforce.com
Starting new HTTPS connection (1): na2.salesforce.com
Starting new HTTPS connection (1): na2.salesforce.com
Starting new HTTPS connection (1): na2.salesforce.com
Starting new HTTPS connection (1): na2.salesforce.com
Starting new HTTPS connection (1): na2.salesforce.com
<?xml version="1.0" encoding="UTF-8"?>
<SOAP-ENV:Envelope xmlns:ns0="urn:partner.soap.sforce.com" xmlns:ns1="http://schemas.xmlsoap.org/soap/envelope/" xmlns:xsi="http://www.w3.org/2001/XMLSchema-instance" xmlns:tns="urn:partner.soap.sforce.com" xmlns:SOAP-ENV="http://schemas.xmlsoap.org/soap/envelope/">
   <SOAP-ENV:Header>
      <tns:SessionHeader>
         <tns:sessionId>00D40000000IWCP!ARsAQKcsbib0UQKIV9p6HXBdNdQCF7JAXgLV40LdaxSwkcpo2NLLDtOP7WPlZmyqJcrBKaDpufmRGXwkWa5tSzdHrzMzy9LN</tns:sessionId>
      </tns:SessionHeader>
   </SOAP-ENV:Header>
   <ns1:Body>
      <ns0:getUserInfo/>
   </ns1:Body>
</SOAP-ENV:Envelope>
Starting new HTTPS connection (1): na2.salesforce.com
Starting new HTTPS connection (1): na2.salesforce.com
Starting new HTTPS connection (1): na2.salesforce.com
Starting new HTTPS connection (1): na2.salesforce.com
Starting new HTTPS connection (1): na2.salesforce.com
Starting new HTTPS connection (1): na2.salesforce.com
Starting new HTTPS connection (1): na2.salesforce.com
Starting new HTTPS connection (1): na2.salesforce.com
Starting new HTTPS connection (1): na2.salesforce.com
Starting new HTTPS connection (1): na2.salesforce.com
Starting new HTTPS connection (1): na2.salesforce.com
Starting new HTTPS connection (1): na2.salesforce.com
Starting new HTTPS connection (1): na2.salesforce.com
Starting new HTTPS connection (1): na2.salesforce.com
Starting new HTTPS connection (1): na2.salesforce.com
Starting new HTTPS connection (1): na2.salesforce.com
Starting new HTTPS connection (1): na2.salesforce.com
Starting new HTTPS connection (1): na2.salesforce.com
Starting new HTTPS connection (1): na2.salesforce.com
Starting new HTTPS connection (1): na2.salesforce.com
Starting new HTTPS connection (1): na2.salesforce.com
Starting new HTTPS connection (1): na2.salesforce.com
Starting new HTTPS connection (1): na2.salesforce.com
Starting new HTTPS connection (1): na2.salesforce.com
Starting new HTTPS connection (1): na2.salesforce.com
Starting new HTTPS connection (1): na2.salesforce.com
Starting new HTTPS connection (1): na2.salesforce.com
Starting new HTTPS connection (1): na2.salesforce.com
Starting new HTTPS connection (1): na2.salesforce.com
Starting new HTTPS connection (1): na2.salesforce.com
Starting new HTTPS connection (1): na2.salesforce.com
Starting new HTTPS connection (1): na2.salesforce.com
Starting new HTTPS connection (1): na2.salesforce.com
Starting new HTTPS connection (1): na2.salesforce.com
Starting new HTTPS connection (1): na2.salesforce.com
Starting new HTTPS connection (1): na2.salesforce.com
Starting new HTTPS connection (1): na2.salesforce.com
Starting new HTTPS connection (1): na2.salesforce.com
Starting new HTTPS connection (1): na2.salesforce.com
Starting new HTTPS connection (1): na2.salesforce.com
Starting new HTTPS connection (1): na2.salesforce.com
Starting new HTTPS connection (1): na2.salesforce.com
<?xml version="1.0" encoding="UTF-8"?>
<SOAP-ENV:Envelope xmlns:ns0="urn:partner.soap.sforce.com" xmlns:ns1="http://schemas.xmlsoap.org/soap/envelope/" xmlns:xsi="http://www.w3.org/2001/XMLSchema-instance" xmlns:tns="urn:partner.soap.sforce.com" xmlns:SOAP-ENV="http://schemas.xmlsoap.org/soap/envelope/">
   <SOAP-ENV:Header>
      <tns:SessionHeader>
         <tns:sessionId>00D40000000IWCP!ARsAQJ3coBcvE5rNky5CGf7XDoBxAsHsyasMrCHZ6j9NYdIfAvLpTjN3rRPNJ20vFVtgEyjyxAiNS1BodEvcEUOAehfbUw1X</tns:sessionId>
      </tns:SessionHeader>
   </SOAP-ENV:Header>
   <ns1:Body>
      <ns0:getUserInfo/>
   </ns1:Body>
</SOAP-ENV:Envelope>
Starting new HTTPS connection (1): na2.salesforce.com
Starting new HTTPS connection (1): na2.salesforce.com
Starting new HTTPS connection (1): na2.salesforce.com
Starting new HTTPS connection (1): na2.salesforce.com
Starting new HTTPS connection (1): na2.salesforce.com
Starting new HTTPS connection (1): na2.salesforce.com
Starting new HTTPS connection (1): na2.salesforce.com
Starting new HTTPS connection (1): na2.salesforce.com
Starting new HTTPS connection (1): na2.salesforce.com
Starting new HTTPS connection (1): na2.salesforce.com
Starting new HTTPS connection (1): na2.salesforce.com
Starting new HTTPS connection (1): na2.salesforce.com
Starting new HTTPS connection (1): na2.salesforce.com
Starting new HTTPS connection (1): na2.salesforce.com
Starting new HTTPS connection (1): na2.salesforce.com
Starting new HTTPS connection (1): na2.salesforce.com
Starting new HTTPS connection (1): na2.salesforce.com
Starting new HTTPS connection (1): na2.salesforce.com
Starting new HTTPS connection (1): na2.salesforce.com
Starting new HTTPS connection (1): na2.salesforce.com
Starting new HTTPS connection (1): na2.salesforce.com
Starting new HTTPS connection (1): na2.salesforce.com
Starting new HTTPS connection (1): na2.salesforce.com
Starting new HTTPS connection (1): na2.salesforce.com
Starting new HTTPS connection (1): na2.salesforce.com
Starting new HTTPS connection (1): na2.salesforce.com
Starting new HTTPS connection (1): na2.salesforce.com
Starting new HTTPS connection (1): na2.salesforce.com
Starting new HTTPS connection (1): na2.salesforce.com
Starting new HTTPS connection (1): na2.salesforce.com
Starting new HTTPS connection (1): na2.salesforce.com
Starting new HTTPS connection (1): na2.salesforce.com
Starting new HTTPS connection (1): na2.salesforce.com
Starting new HTTPS connection (1): na2.salesforce.com
Starting new HTTPS connection (1): na2.salesforce.com
Starting new HTTPS connection (1): na2.salesforce.com
Starting new HTTPS connection (1): na2.salesforce.com
<?xml version="1.0" encoding="UTF-8"?>
<SOAP-ENV:Envelope xmlns:ns0="urn:partner.soap.sforce.com" xmlns:ns1="http://schemas.xmlsoap.org/soap/envelope/" xmlns:xsi="http://www.w3.org/2001/XMLSchema-instance" xmlns:tns="urn:partner.soap.sforce.com" xmlns:SOAP-ENV="http://schemas.xmlsoap.org/soap/envelope/">
   <SOAP-ENV:Header>
      <tns:SessionHeader>
         <tns:sessionId>00D40000000IWCP!ARsAQGz8WTXdWqIPgUQyFASWzQfeW6sNNoBcwJjs3zzi_FNcI8K80NlpEvn25RO5LKwt4Jz.50MRLlwNy8ih3YOQzTu.n78d</tns:sessionId>
      </tns:SessionHeader>
   </SOAP-ENV:Header>
   <ns1:Body>
      <ns0:getUserInfo/>
   </ns1:Body>
</SOAP-ENV:Envelope>
Starting new HTTPS connection (1): na2.salesforce.com
Starting new HTTPS connection (1): na2.salesforce.com
Starting new HTTPS connection (1): na2.salesforce.com
Starting new HTTPS connection (1): na2.salesforce.com
Starting new HTTPS connection (1): na2.salesforce.com
Starting new HTTPS connection (1): na2.salesforce.com
Starting new HTTPS connection (1): na2.salesforce.com
Starting new HTTPS connection (1): na2.salesforce.com
Starting new HTTPS connection (1): na2.salesforce.com
Starting new HTTPS connection (1): na2.salesforce.com
Starting new HTTPS connection (1): na2.salesforce.com
Starting new HTTPS connection (1): na2.salesforce.com
Starting new HTTPS connection (1): na2.salesforce.com
Starting new HTTPS connection (1): na2.salesforce.com
Starting new HTTPS connection (1): na2.salesforce.com
Starting new HTTPS connection (1): na2.salesforce.com
Starting new HTTPS connection (1): na2.salesforce.com
Starting new HTTPS connection (1): na2.salesforce.com
Starting new HTTPS connection (1): na2.salesforce.com
Starting new HTTPS connection (1): na2.salesforce.com
Starting new HTTPS connection (1): na2.salesforce.com
Starting new HTTPS connection (1): na2.salesforce.com
Starting new HTTPS connection (1): na2.salesforce.com
Starting new HTTPS connection (1): na2.salesforce.com
Starting new HTTPS connection (1): na2.salesforce.com
Starting new HTTPS connection (1): na2.salesforce.com
Starting new HTTPS connection (1): na2.salesforce.com
Starting new HTTPS connection (1): na2.salesforce.com
Starting new HTTPS connection (1): na2.salesforce.com
Starting new HTTPS connection (1): na2.salesforce.com
Starting new HTTPS connection (1): na2.salesforce.com
Starting new HTTPS connection (1): na2.salesforce.com
Starting new HTTPS connection (1): na2.salesforce.com
Starting new HTTPS connection (1): na2.salesforce.com
Starting new HTTPS connection (1): na2.salesforce.com
Starting new HTTPS connection (1): na2.salesforce.com
Starting new HTTPS connection (1): na2.salesforce.com
Starting new HTTPS connection (1): na2.salesforce.com
Starting new HTTPS connection (1): na2.salesforce.com
Starting new HTTPS connection (1): na2.salesforce.com
Starting new HTTPS connection (1): na2.salesforce.com
Starting new HTTPS connection (1): na2.salesforce.com
Starting new HTTPS connection (1): na2.salesforce.com
Starting new HTTPS connection (1): na2.salesforce.com
Starting new HTTPS connection (1): na2.salesforce.com
Starting new HTTPS connection (1): na2.salesforce.com
Starting new HTTPS connection (1): na2.salesforce.com
Starting new HTTPS connection (1): na2.salesforce.com
Starting new HTTPS connection (1): na2.salesforce.com
<?xml version="1.0" encoding="UTF-8"?>
<SOAP-ENV:Envelope xmlns:ns0="urn:partner.soap.sforce.com" xmlns:ns1="http://schemas.xmlsoap.org/soap/envelope/" xmlns:xsi="http://www.w3.org/2001/XMLSchema-instance" xmlns:tns="urn:partner.soap.sforce.com" xmlns:SOAP-ENV="http://schemas.xmlsoap.org/soap/envelope/">
   <SOAP-ENV:Header>
      <tns:SessionHeader>
         <tns:sessionId>00D40000000IWCP!ARsAQCRP1z6YeGpRoibxLKtWZjciI73nQGeOey11aIKDxVHca7nvOn5dLJN2PqZ4x70Pc6m6O.RrNCAYXpct0RGdrKTNPkla</tns:sessionId>
      </tns:SessionHeader>
   </SOAP-ENV:Header>
   <ns1:Body>
      <ns0:getUserInfo/>
   </ns1:Body>
</SOAP-ENV:Envelope>
Starting new HTTPS connection (1): na2.salesforce.com
Starting new HTTPS connection (1): na2.salesforce.com
Starting new HTTPS connection (1): na2.salesforce.com
<?xml version="1.0" encoding="UTF-8"?>
<SOAP-ENV:Envelope xmlns:ns0="urn:partner.soap.sforce.com" xmlns:ns1="http://schemas.xmlsoap.org/soap/envelope/" xmlns:xsi="http://www.w3.org/2001/XMLSchema-instance" xmlns:tns="urn:partner.soap.sforce.com" xmlns:SOAP-ENV="http://schemas.xmlsoap.org/soap/envelope/">
   <SOAP-ENV:Header>
      <tns:SessionHeader>
         <tns:sessionId>00D40000000IWCP!ARsAQO5CDkHmwmyJMLd2PJoa0dk4wx94GDQRXU7y6XieSVlVeaAtlokCwFpsIZATsvXmmJaXlH2ChlAiZDHhBHueDnNyYmic</tns:sessionId>
      </tns:SessionHeader>
   </SOAP-ENV:Header>
   <ns1:Body>
      <ns0:getUserInfo/>
   </ns1:Body>
</SOAP-ENV:Envelope>
[MAVENSMATE CAUGHT ERROR]
Traceback (most recent call last):
  File "/Users/josephferraro/Development/Github/mm/build/mm/out00-PYZ.pyz/mm.commands.metadata", line 373, in execute
  File "/Users/josephferraro/Development/Github/mm/build/mm/out00-PYZ.pyz/mm.sfdc_client", line 191, in deploy
  File "/Users/josephferraro/Development/Github/mm/build/mm/out00-PYZ.pyz/mm.sforce.metadata", line 225, in deploy
  File "/Users/josephferraro/Development/Github/mm/build/mm/out00-PYZ.pyz/mm.sforce.metadata", line 500, in _waitForRequest
  File "/Users/josephferraro/Development/Github/mm/build/mm/out00-PYZ.pyz/suds.client", line 542, in __call__
  File "/Users/josephferraro/Development/Github/mm/build/mm/out00-PYZ.pyz/suds.client", line 602, in invoke
  File "/Users/josephferraro/Development/Github/mm/build/mm/out00-PYZ.pyz/suds.client", line 637, in send
  File "/Users/josephferraro/Development/Github/mm/build/mm/out00-PYZ.pyz/suds.transport.http", line 77, in send
  File "/Users/josephferraro/Development/Github/mm/build/mm/out00-PYZ.pyz/suds.transport.http", line 118, in u2open
  File "/Users/josephferraro/Development/Github/mm/build/mm/out00-PYZ.pyz/urllib2", line 400, in open
  File "/Users/josephferraro/Development/Github/mm/build/mm/out00-PYZ.pyz/urllib2", line 418, in _open
  File "/Users/josephferraro/Development/Github/mm/build/mm/out00-PYZ.pyz/urllib2", line 378, in _call_chain
  File "/Users/josephferraro/Development/Github/mm/build/mm/out00-PYZ.pyz/urllib2", line 1215, in https_open
  File "/Users/josephferraro/Development/Github/mm/build/mm/out00-PYZ.pyz/urllib2", line 1180, in do_open
  File "/Users/josephferraro/Development/Github/mm/build/mm/out00-PYZ.pyz/httplib", line 1030, in getresponse
  File "/Users/josephferraro/Development/Github/mm/build/mm/out00-PYZ.pyz/httplib", line 407, in begin
  File "/Users/josephferraro/Development/Github/mm/build/mm/out00-PYZ.pyz/httplib", line 365, in _read_status
  File "/Users/josephferraro/Development/Github/mm/build/mm/out00-PYZ.pyz/socket", line 447, in readline
  File "/Users/josephferraro/Development/Github/mm/build/mm/out00-PYZ.pyz/ssl", line 241, in recv
  File "/Users/josephferraro/Development/Github/mm/build/mm/out00-PYZ.pyz/ssl", line 160, in read
SSLError: The read operation timed out
Starting new HTTPS connection (1): na2.salesforce.com
